<?xml version="1.0" encoding="UTF-8"?>
<coverage generated="1563774538328" clover="3.2.0">
  <project timestamp="1563774538328" name="All files">
    <metrics statements="178" coveredstatements="176" conditionals="14" coveredconditionals="14" methods="68" coveredmethods="64" elements="260" coveredelements="254" complexity="0" loc="178" ncloc="178" packages="9" files="12" classes="12"/>
    <package name="components.button">
      <metrics statements="6" coveredstatements="6" conditionals="0" coveredconditionals="0" methods="1" coveredmethods="1"/>
      <file name="button.tsx" path="/Users/adam.fitzpatrick/play/mighty-runner/src/components/button/button.tsx">
        <metrics statements="5" coveredstatements="5" conditionals="0" coveredconditionals="0" methods="1" coveredmethods="1"/>
        <line num="1" count="2" type="stmt"/>
        <line num="2" count="2" type="stmt"/>
        <line num="4" count="2" type="stmt"/>
        <line num="13" count="6" type="stmt"/>
        <line num="14" count="6" type="stmt"/>
      </file>
      <file name="index.ts" path="/Users/adam.fitzpatrick/play/mighty-runner/src/components/button/index.ts">
        <metrics statements="1" coveredstatements="1" conditionals="0" coveredconditionals="0" methods="0" coveredmethods="0"/>
        <line num="1" count="2" type="stmt"/>
      </file>
    </package>
    <package name="components.edit-attribute">
      <metrics statements="26" coveredstatements="24" conditionals="0" coveredconditionals="0" methods="12" coveredmethods="8"/>
      <file name="edit-attribute.tsx" path="/Users/adam.fitzpatrick/play/mighty-runner/src/components/edit-attribute/edit-attribute.tsx">
        <metrics statements="26" coveredstatements="24" conditionals="0" coveredconditionals="0" methods="12" coveredmethods="8"/>
        <line num="1" count="1" type="stmt"/>
        <line num="3" count="1" type="stmt"/>
        <line num="4" count="1" type="stmt"/>
        <line num="6" count="1" type="stmt"/>
        <line num="7" count="1" type="stmt"/>
        <line num="8" count="1" type="stmt"/>
        <line num="9" count="1" type="stmt"/>
        <line num="17" count="1" type="stmt"/>
        <line num="18" count="1" type="stmt"/>
        <line num="19" count="1" type="stmt"/>
        <line num="20" count="1" type="stmt"/>
        <line num="34" count="0" type="stmt"/>
        <line num="43" count="1" type="stmt"/>
        <line num="44" count="2" type="stmt"/>
        <line num="47" count="1" type="stmt"/>
        <line num="48" count="1" type="stmt"/>
        <line num="50" count="2" type="stmt"/>
        <line num="55" count="1" type="stmt"/>
        <line num="56" count="1" type="stmt"/>
        <line num="58" count="0" type="stmt"/>
        <line num="63" count="1" type="stmt"/>
        <line num="64" count="1" type="stmt"/>
        <line num="69" count="1" type="stmt"/>
        <line num="70" count="1" type="stmt"/>
        <line num="71" count="1" type="stmt"/>
        <line num="77" count="1" type="stmt"/>
      </file>
    </package>
    <package name="components.effect-toggle">
      <metrics statements="8" coveredstatements="8" conditionals="2" coveredconditionals="2" methods="3" coveredmethods="3"/>
      <file name="effect-toggle.tsx" path="/Users/adam.fitzpatrick/play/mighty-runner/src/components/effect-toggle/effect-toggle.tsx">
        <metrics statements="7" coveredstatements="7" conditionals="2" coveredconditionals="2" methods="3" coveredmethods="3"/>
        <line num="1" count="4" type="stmt"/>
        <line num="2" count="4" type="stmt"/>
        <line num="4" count="4" type="stmt"/>
        <line num="13" count="17" type="cond" truecount="2" falsecount="0"/>
        <line num="16" count="17" type="stmt"/>
        <line num="17" count="17" type="stmt"/>
        <line num="27" count="2" type="stmt"/>
      </file>
      <file name="index.ts" path="/Users/adam.fitzpatrick/play/mighty-runner/src/components/effect-toggle/index.ts">
        <metrics statements="1" coveredstatements="1" conditionals="0" coveredconditionals="0" methods="0" coveredmethods="0"/>
        <line num="1" count="4" type="stmt"/>
      </file>
    </package>
    <package name="components.select-effects">
      <metrics statements="13" coveredstatements="13" conditionals="4" coveredconditionals="4" methods="3" coveredmethods="3"/>
      <file name="index.ts" path="/Users/adam.fitzpatrick/play/mighty-runner/src/components/select-effects/index.ts">
        <metrics statements="1" coveredstatements="1" conditionals="0" coveredconditionals="0" methods="0" coveredmethods="0"/>
        <line num="1" count="2" type="stmt"/>
      </file>
      <file name="select-effects.tsx" path="/Users/adam.fitzpatrick/play/mighty-runner/src/components/select-effects/select-effects.tsx">
        <metrics statements="12" coveredstatements="12" conditionals="4" coveredconditionals="4" methods="3" coveredmethods="3"/>
        <line num="1" count="2" type="stmt"/>
        <line num="2" count="2" type="stmt"/>
        <line num="4" count="2" type="stmt"/>
        <line num="5" count="2" type="stmt"/>
        <line num="16" count="2" type="stmt"/>
        <line num="17" count="72" type="cond" truecount="2" falsecount="0"/>
        <line num="18" count="72" type="stmt"/>
        <line num="21" count="72" type="stmt"/>
        <line num="23" count="5" type="stmt"/>
        <line num="25" count="72" type="stmt"/>
        <line num="29" count="79" type="stmt"/>
        <line num="32" count="72" type="stmt"/>
      </file>
    </package>
    <package name="components.stat">
      <metrics statements="7" coveredstatements="7" conditionals="2" coveredconditionals="2" methods="3" coveredmethods="3"/>
      <file name="stat.tsx" path="/Users/adam.fitzpatrick/play/mighty-runner/src/components/stat/stat.tsx">
        <metrics statements="7" coveredstatements="7" conditionals="2" coveredconditionals="2" methods="3" coveredmethods="3"/>
        <line num="1" count="3" type="stmt"/>
        <line num="2" count="3" type="stmt"/>
        <line num="4" count="3" type="stmt"/>
        <line num="12" count="56" type="stmt"/>
        <line num="19" count="12" type="stmt"/>
        <line num="25" count="3" type="stmt"/>
        <line num="26" count="68" type="cond" truecount="2" falsecount="0"/>
      </file>
    </package>
    <package name="containers.edit-attribute">
      <metrics statements="1" coveredstatements="1" conditionals="0" coveredconditionals="0" methods="0" coveredmethods="0"/>
      <file name="index.ts" path="/Users/adam.fitzpatrick/play/mighty-runner/src/containers/edit-attribute/index.ts">
        <metrics statements="1" coveredstatements="1" conditionals="0" coveredconditionals="0" methods="0" coveredmethods="0"/>
        <line num="1" count="1" type="stmt"/>
      </file>
    </package>
    <package name="containers.smart-stat">
      <metrics statements="50" coveredstatements="50" conditionals="6" coveredconditionals="6" methods="19" coveredmethods="19"/>
      <file name="smart-stat.tsx" path="/Users/adam.fitzpatrick/play/mighty-runner/src/containers/smart-stat/smart-stat.tsx">
        <metrics statements="50" coveredstatements="50" conditionals="6" coveredconditionals="6" methods="19" coveredmethods="19"/>
        <line num="1" count="1" type="stmt"/>
        <line num="2" count="1" type="stmt"/>
        <line num="3" count="1" type="stmt"/>
        <line num="5" count="1" type="stmt"/>
        <line num="6" count="1" type="stmt"/>
        <line num="8" count="1" type="stmt"/>
        <line num="10" count="1" type="stmt"/>
        <line num="27" count="1" type="stmt"/>
        <line num="32" count="11" type="cond" truecount="2" falsecount="0"/>
        <line num="33" count="11" type="stmt"/>
        <line num="41" count="65" type="stmt"/>
        <line num="42" count="65" type="stmt"/>
        <line num="43" count="65" type="stmt"/>
        <line num="49" count="120" type="stmt"/>
        <line num="65" count="1" type="stmt"/>
        <line num="66" count="11" type="stmt"/>
        <line num="69" count="1" type="stmt"/>
        <line num="70" count="11" type="stmt"/>
        <line num="71" count="11" type="stmt"/>
        <line num="72" count="11" type="stmt"/>
        <line num="74" count="2" type="stmt"/>
        <line num="77" count="2" type="stmt"/>
        <line num="81" count="1" type="stmt"/>
        <line num="82" count="1" type="stmt"/>
        <line num="85" count="1" type="stmt"/>
        <line num="86" count="260" type="stmt"/>
        <line num="89" count="11" type="stmt"/>
        <line num="91" count="7" type="stmt"/>
        <line num="95" count="11" type="stmt"/>
        <line num="96" count="3" type="stmt"/>
        <line num="99" count="11" type="stmt"/>
        <line num="100" count="65" type="stmt"/>
        <line num="103" count="11" type="stmt"/>
        <line num="104" count="1" type="stmt"/>
        <line num="107" count="11" type="stmt"/>
        <line num="108" count="65" type="stmt"/>
        <line num="109" count="65" type="stmt"/>
        <line num="110" count="130" type="stmt"/>
        <line num="114" count="11" type="stmt"/>
        <line num="115" count="65" type="stmt"/>
        <line num="116" count="65" type="stmt"/>
        <line num="117" count="65" type="cond" truecount="2" falsecount="0"/>
        <line num="121" count="1" type="stmt"/>
        <line num="122" count="65" type="stmt"/>
        <line num="133" count="65" type="stmt"/>
        <line num="134" count="65" type="stmt"/>
        <line num="135" count="65" type="cond" truecount="2" falsecount="0"/>
        <line num="136" count="65" type="stmt"/>
        <line num="138" count="120" type="stmt"/>
        <line num="149" count="1" type="stmt"/>
      </file>
    </package>
    <package name="services">
      <metrics statements="10" coveredstatements="10" conditionals="0" coveredconditionals="0" methods="8" coveredmethods="8"/>
      <file name="character-display-service.ts" path="/Users/adam.fitzpatrick/play/mighty-runner/src/services/character-display-service.ts">
        <metrics statements="10" coveredstatements="10" conditionals="0" coveredconditionals="0" methods="8" coveredmethods="8"/>
        <line num="4" count="3" type="stmt"/>
        <line num="5" count="135" type="stmt"/>
        <line num="6" count="403" type="stmt"/>
        <line num="10" count="3" type="stmt"/>
        <line num="11" count="8" type="stmt"/>
        <line num="14" count="3" type="stmt"/>
        <line num="15" count="3" type="stmt"/>
        <line num="17" count="3" type="stmt"/>
        <line num="18" count="2" type="stmt"/>
        <line num="21" count="3" type="stmt"/>
      </file>
    </package>
    <package name="state">
      <metrics statements="57" coveredstatements="57" conditionals="0" coveredconditionals="0" methods="19" coveredmethods="19"/>
      <file name="active-character-store.ts" path="/Users/adam.fitzpatrick/play/mighty-runner/src/state/active-character-store.ts">
        <metrics statements="57" coveredstatements="57" conditionals="0" coveredconditionals="0" methods="19" coveredmethods="19"/>
        <line num="1" count="2" type="stmt"/>
        <line num="2" count="2" type="stmt"/>
        <line num="24" count="2" type="stmt"/>
        <line num="25" count="2" type="stmt"/>
        <line num="26" count="2" type="stmt"/>
        <line num="28" count="4" type="stmt"/>
        <line num="29" count="4" type="stmt"/>
        <line num="30" count="4" type="stmt"/>
        <line num="31" count="4" type="stmt"/>
        <line num="33" count="2" type="stmt"/>
        <line num="34" count="44" type="stmt"/>
        <line num="41" count="4" type="stmt"/>
        <line num="44" count="2" type="stmt"/>
        <line num="45" count="2" type="stmt"/>
        <line num="47" count="1" type="stmt"/>
        <line num="56" count="4" type="stmt"/>
        <line num="57" count="23" type="stmt"/>
        <line num="58" count="23" type="stmt"/>
        <line num="67" count="4" type="stmt"/>
        <line num="68" count="2" type="stmt"/>
        <line num="69" count="2" type="stmt"/>
        <line num="78" count="4" type="stmt"/>
        <line num="79" count="2" type="stmt"/>
        <line num="80" count="2" type="stmt"/>
        <line num="88" count="4" type="stmt"/>
        <line num="89" count="5" type="stmt"/>
        <line num="91" count="5" type="stmt"/>
        <line num="92" count="5" type="stmt"/>
        <line num="93" count="5" type="stmt"/>
        <line num="94" count="5" type="stmt"/>
        <line num="102" count="4" type="stmt"/>
        <line num="103" count="3" type="stmt"/>
        <line num="105" count="3" type="stmt"/>
        <line num="106" count="3" type="stmt"/>
        <line num="115" count="4" type="stmt"/>
        <line num="116" count="3" type="stmt"/>
        <line num="117" count="3" type="stmt"/>
        <line num="120" count="2" type="stmt"/>
        <line num="121" count="16" type="stmt"/>
        <line num="122" count="26" type="stmt"/>
        <line num="125" count="2" type="stmt"/>
        <line num="126" count="38" type="stmt"/>
        <line num="127" count="38" type="stmt"/>
        <line num="128" count="38" type="stmt"/>
        <line num="131" count="2" type="stmt"/>
        <line num="132" count="61" type="stmt"/>
        <line num="138" count="2" type="stmt"/>
        <line num="139" count="38" type="stmt"/>
        <line num="143" count="2" type="stmt"/>
        <line num="144" count="25" type="stmt"/>
        <line num="149" count="24" type="stmt"/>
        <line num="150" count="24" type="stmt"/>
        <line num="151" count="24" type="stmt"/>
        <line num="154" count="2" type="stmt"/>
        <line num="155" count="38" type="stmt"/>
        <line num="164" count="2" type="stmt"/>
        <line num="166" count="2" type="stmt"/>
      </file>
    </package>
  </project>
</coverage>
