{"/Users/adam.fitzpatrick/play/mighty-runner/src/components/button/button.tsx": {"path":"/Users/adam.fitzpatrick/play/mighty-runner/src/components/button/button.tsx","statementMap":{"0":{"start":{"line":1,"column":0},"end":{"line":1,"column":43}},"1":{"start":{"line":2,"column":0},"end":{"line":2,"column":35}},"2":{"start":{"line":4,"column":0},"end":{"line":4,"column":39}},"3":{"start":{"line":13,"column":34},"end":{"line":13,"column":42}},"4":{"start":{"line":13,"column":44},"end":{"line":13,"column":51}},"5":{"start":{"line":13,"column":53},"end":{"line":13,"column":62}},"6":{"start":{"line":13,"column":64},"end":{"line":13,"column":68}},"7":{"start":{"line":13,"column":70},"end":{"line":13,"column":77}},"8":{"start":{"line":14,"column":2},"end":{"line":29,"column":null}},"9":{"start":{"line":13,"column":0},"end":{"line":13,"column":24}}},"fnMap":{"0":{"name":"Button","decl":{"start":{"line":13,"column":24},"end":{"line":13,"column":30}},"loc":{"start":{"line":13,"column":86},"end":{"line":30,"column":1}}}},"branchMap":{},"s":{"0":2,"1":2,"2":2,"3":6,"4":6,"5":6,"6":6,"7":6,"8":6,"9":2},"f":{"0":6},"b":{}}
,"/Users/adam.fitzpatrick/play/mighty-runner/src/components/button/index.ts": {"path":"/Users/adam.fitzpatrick/play/mighty-runner/src/components/button/index.ts","statementMap":{"0":{"start":{"line":1,"column":0},"end":{"line":1,"column":9}},"1":{"start":{"line":1,"column":9},"end":{"line":1,"column":34}}},"fnMap":{},"branchMap":{},"s":{"0":2,"1":2},"f":{},"b":{}}
,"/Users/adam.fitzpatrick/play/mighty-runner/src/components/edit-attribute/edit-attribute.tsx": {"path":"/Users/adam.fitzpatrick/play/mighty-runner/src/components/edit-attribute/edit-attribute.tsx","statementMap":{"0":{"start":{"line":1,"column":0},"end":{"line":1,"column":37}},"1":{"start":{"line":3,"column":0},"end":{"line":3,"column":47}},"2":{"start":{"line":4,"column":0},"end":{"line":4,"column":37}},"3":{"start":{"line":6,"column":0},"end":{"line":6,"column":66}},"4":{"start":{"line":7,"column":0},"end":{"line":7,"column":35}},"5":{"start":{"line":8,"column":0},"end":{"line":8,"column":39}},"6":{"start":{"line":9,"column":0},"end":{"line":9,"column":53}},"7":{"start":{"line":17,"column":0},"end":{"line":17,"column":59}},"8":{"start":{"line":17,"column":43},"end":{"line":17,"column":52}},"9":{"start":{"line":18,"column":2},"end":{"line":41,"column":null}},"10":{"start":{"line":19,"column":27},"end":{"line":19,"column":105}},"11":{"start":{"line":20,"column":4},"end":{"line":40,"column":null}},"12":{"start":{"line":34,"column":40},"end":{"line":34,"column":59}},"13":{"start":{"line":43,"column":10},"end":{"line":45,"column":null}},"14":{"start":{"line":44,"column":4},"end":{"line":44,"column":null}},"15":{"start":{"line":44,"column":63},"end":{"line":44,"column":85}},"16":{"start":{"line":47,"column":10},"end":{"line":53,"column":null}},"17":{"start":{"line":47,"column":2},"end":{"line":47,"column":10}},"18":{"start":{"line":48,"column":4},"end":{"line":52,"column":null}},"19":{"start":{"line":50,"column":41},"end":{"line":50,"column":76}},"20":{"start":{"line":55,"column":10},"end":{"line":61,"column":null}},"21":{"start":{"line":56,"column":4},"end":{"line":60,"column":null}},"22":{"start":{"line":58,"column":76},"end":{"line":58,"column":98}},"23":{"start":{"line":63,"column":10},"end":{"line":67,"column":null}},"24":{"start":{"line":64,"column":4},"end":{"line":66,"column":null}},"25":{"start":{"line":69,"column":10},"end":{"line":76,"column":null}},"26":{"start":{"line":70,"column":20},"end":{"line":70,"column":99}},"27":{"start":{"line":71,"column":4},"end":{"line":75,"column":null}},"28":{"start":{"line":77,"column":0},"end":{"line":77,"column":null}}},"fnMap":{"0":{"name":"(anonymous_6)","decl":{"start":{"line":17,"column":0},"end":{"line":17,"column":43}},"loc":{"start":{"line":17,"column":0},"end":{"line":77,"column":null}}},"1":{"name":"(anonymous_8)","decl":{"start":{"line":18,"column":2},"end":{"line":18,"column":8}},"loc":{"start":{"line":18,"column":2},"end":{"line":41,"column":3}}},"2":{"name":"(anonymous_9)","decl":{"start":{"line":34,"column":32},"end":{"line":34,"column":40}},"loc":{"start":{"line":34,"column":32},"end":{"line":34,"column":60}}},"3":{"name":"(anonymous_10)","decl":{"start":{"line":43,"column":2},"end":{"line":43,"column":10}},"loc":{"start":{"line":43,"column":49},"end":{"line":45,"column":3}}},"4":{"name":"(anonymous_11)","decl":{"start":{"line":44,"column":54},"end":{"line":44,"column":59}},"loc":{"start":{"line":44,"column":59},"end":{"line":44,"column":70}}},"5":{"name":"(anonymous_12)","decl":{"start":{"line":47,"column":2},"end":{"line":47,"column":10}},"loc":{"start":{"line":47,"column":47},"end":{"line":53,"column":3}}},"6":{"name":"(anonymous_13)","decl":{"start":{"line":50,"column":34},"end":{"line":50,"column":37}},"loc":{"start":{"line":50,"column":37},"end":{"line":50,"column":45}}},"7":{"name":"(anonymous_14)","decl":{"start":{"line":55,"column":2},"end":{"line":55,"column":10}},"loc":{"start":{"line":55,"column":48},"end":{"line":61,"column":3}}},"8":{"name":"(anonymous_15)","decl":{"start":{"line":58,"column":67},"end":{"line":58,"column":72}},"loc":{"start":{"line":58,"column":72},"end":{"line":58,"column":83}}},"9":{"name":"(anonymous_16)","decl":{"start":{"line":63,"column":2},"end":{"line":63,"column":10}},"loc":{"start":{"line":63,"column":38},"end":{"line":67,"column":3}}},"10":{"name":"(anonymous_17)","decl":{"start":{"line":65,"column":51},"end":{"line":65,"column":65}},"loc":{"start":{"line":65,"column":51},"end":{"line":65,"column":66}}},"11":{"name":"(anonymous_18)","decl":{"start":{"line":69,"column":2},"end":{"line":69,"column":10}},"loc":{"start":{"line":69,"column":2},"end":{"line":76,"column":3}}}},"branchMap":{},"s":{"0":1,"1":1,"2":1,"3":1,"4":1,"5":1,"6":1,"7":1,"8":1,"9":1,"10":1,"11":1,"12":0,"13":1,"14":2,"15":0,"16":1,"17":1,"18":1,"19":2,"20":1,"21":1,"22":0,"23":1,"24":1,"25":1,"26":1,"27":1,"28":1},"f":{"0":2,"1":1,"2":0,"3":2,"4":0,"5":1,"6":2,"7":1,"8":0,"9":1,"10":0,"11":1},"b":{}}
,"/Users/adam.fitzpatrick/play/mighty-runner/src/components/effect-toggle/effect-toggle.tsx": {"path":"/Users/adam.fitzpatrick/play/mighty-runner/src/components/effect-toggle/effect-toggle.tsx","statementMap":{"0":{"start":{"line":1,"column":0},"end":{"line":1,"column":26}},"1":{"start":{"line":2,"column":0},"end":{"line":2,"column":35}},"2":{"start":{"line":4,"column":0},"end":{"line":4,"column":46}},"3":{"start":{"line":13,"column":2},"end":{"line":13,"column":null}},"4":{"start":{"line":16,"column":40},"end":{"line":16,"column":46}},"5":{"start":{"line":16,"column":48},"end":{"line":16,"column":61}},"6":{"start":{"line":17,"column":2},"end":{"line":39,"column":null}},"7":{"start":{"line":27,"column":23},"end":{"line":27,"column":null}},"8":{"start":{"line":16,"column":0},"end":{"line":16,"column":24}}},"fnMap":{"0":{"name":"effectAriaLabel","decl":{"start":{"line":12,"column":9},"end":{"line":12,"column":24}},"loc":{"start":{"line":12,"column":40},"end":{"line":14,"column":1}}},"1":{"name":"EffectToggle","decl":{"start":{"line":16,"column":24},"end":{"line":16,"column":36}},"loc":{"start":{"line":16,"column":70},"end":{"line":40,"column":1}}},"2":{"name":"(anonymous_2)","decl":{"start":{"line":27,"column":17},"end":{"line":27,"column":23}},"loc":{"start":{"line":27,"column":17},"end":{"line":27,"column":36}}}},"branchMap":{"0":{"loc":{"start":{"line":13,"column":67},"end":{"line":13,"column":75}},"type":"cond-expr","locations":[{"start":{"line":13,"column":67},"end":{"line":13,"column":75}},{"start":{"line":13,"column":78},"end":{"line":13,"column":88}}]}},"s":{"0":4,"1":4,"2":4,"3":17,"4":17,"5":17,"6":17,"7":2,"8":4},"f":{"0":17,"1":17,"2":2},"b":{"0":[8,9]}}
,"/Users/adam.fitzpatrick/play/mighty-runner/src/components/effect-toggle/index.ts": {"path":"/Users/adam.fitzpatrick/play/mighty-runner/src/components/effect-toggle/index.ts","statementMap":{"0":{"start":{"line":1,"column":0},"end":{"line":1,"column":9}},"1":{"start":{"line":1,"column":9},"end":{"line":1,"column":41}}},"fnMap":{},"branchMap":{},"s":{"0":4,"1":4},"f":{},"b":{}}
,"/Users/adam.fitzpatrick/play/mighty-runner/src/components/select-effects/index.ts": {"path":"/Users/adam.fitzpatrick/play/mighty-runner/src/components/select-effects/index.ts","statementMap":{"0":{"start":{"line":1,"column":0},"end":{"line":1,"column":9}},"1":{"start":{"line":1,"column":9},"end":{"line":1,"column":42}}},"fnMap":{},"branchMap":{},"s":{"0":2,"1":2},"f":{},"b":{}}
,"/Users/adam.fitzpatrick/play/mighty-runner/src/components/select-effects/select-effects.tsx": {"path":"/Users/adam.fitzpatrick/play/mighty-runner/src/components/select-effects/select-effects.tsx","statementMap":{"0":{"start":{"line":1,"column":0},"end":{"line":1,"column":31}},"1":{"start":{"line":2,"column":0},"end":{"line":2,"column":35}},"2":{"start":{"line":4,"column":0},"end":{"line":4,"column":47}},"3":{"start":{"line":5,"column":0},"end":{"line":5,"column":53}},"4":{"start":{"line":17,"column":20},"end":{"line":17,"column":68}},"5":{"start":{"line":18,"column":21},"end":{"line":18,"column":51}},"6":{"start":{"line":21,"column":19},"end":{"line":21,"column":32}},"7":{"start":{"line":23,"column":6},"end":{"line":23,"column":null}},"8":{"start":{"line":25,"column":4},"end":{"line":25,"column":56}},"9":{"start":{"line":29,"column":4},"end":{"line":29,"column":null}},"10":{"start":{"line":32,"column":2},"end":{"line":56,"column":null}},"11":{"start":{"line":16,"column":0},"end":{"line":16,"column":24}}},"fnMap":{"0":{"name":"SelectEffects","decl":{"start":{"line":16,"column":24},"end":{"line":16,"column":37}},"loc":{"start":{"line":16,"column":51},"end":{"line":57,"column":1}}},"1":{"name":"getTextMargin","decl":{"start":{"line":20,"column":11},"end":{"line":20,"column":24}},"loc":{"start":{"line":20,"column":24},"end":{"line":26,"column":3}}},"2":{"name":"renderEffect","decl":{"start":{"line":28,"column":11},"end":{"line":28,"column":23}},"loc":{"start":{"line":28,"column":39},"end":{"line":30,"column":3}}}},"branchMap":{"0":{"loc":{"start":{"line":17,"column":20},"end":{"line":17,"column":36}},"type":"binary-expr","locations":[{"start":{"line":17,"column":20},"end":{"line":17,"column":36}},{"start":{"line":17,"column":40},"end":{"line":17,"column":68}}]},"1":{"loc":{"start":{"line":43,"column":31},"end":{"line":43,"column":41}},"type":"cond-expr","locations":[{"start":{"line":43,"column":31},"end":{"line":43,"column":41}},{"start":{"line":43,"column":44},"end":{"line":43,"column":45}}]}},"s":{"0":2,"1":2,"2":2,"3":2,"4":72,"5":72,"6":72,"7":5,"8":72,"9":79,"10":72,"11":2},"f":{"0":72,"1":72,"2":79},"b":{"0":[72,54],"1":[8,64]}}
,"/Users/adam.fitzpatrick/play/mighty-runner/src/components/stat/stat.tsx": {"path":"/Users/adam.fitzpatrick/play/mighty-runner/src/components/stat/stat.tsx","statementMap":{"0":{"start":{"line":1,"column":0},"end":{"line":1,"column":26}},"1":{"start":{"line":2,"column":0},"end":{"line":2,"column":35}},"2":{"start":{"line":4,"column":0},"end":{"line":4,"column":37}},"3":{"start":{"line":12,"column":2},"end":{"line":15,"column":null}},"4":{"start":{"line":19,"column":2},"end":{"line":22,"column":null}},"5":{"start":{"line":26,"column":2},"end":{"line":26,"column":null}},"6":{"start":{"line":25,"column":0},"end":{"line":25,"column":24}}},"fnMap":{"0":{"name":"standardStat","decl":{"start":{"line":11,"column":9},"end":{"line":11,"column":21}},"loc":{"start":{"line":11,"column":60},"end":{"line":16,"column":1}}},"1":{"name":"roundStat","decl":{"start":{"line":18,"column":9},"end":{"line":18,"column":18}},"loc":{"start":{"line":18,"column":57},"end":{"line":23,"column":1}}},"2":{"name":"Stat","decl":{"start":{"line":25,"column":24},"end":{"line":25,"column":28}},"loc":{"start":{"line":25,"column":42},"end":{"line":27,"column":1}}}},"branchMap":{"0":{"loc":{"start":{"line":26,"column":24},"end":{"line":26,"column":33}},"type":"cond-expr","locations":[{"start":{"line":26,"column":24},"end":{"line":26,"column":33}},{"start":{"line":26,"column":36},"end":{"line":26,"column":48}}]}},"s":{"0":3,"1":3,"2":3,"3":56,"4":12,"5":68,"6":3},"f":{"0":56,"1":12,"2":68},"b":{"0":[12,56]}}
,"/Users/adam.fitzpatrick/play/mighty-runner/src/containers/edit-attribute/index.ts": {"path":"/Users/adam.fitzpatrick/play/mighty-runner/src/containers/edit-attribute/index.ts","statementMap":{"0":{"start":{"line":1,"column":0},"end":{"line":1,"column":9}},"1":{"start":{"line":1,"column":9},"end":{"line":1,"column":42}}},"fnMap":{},"branchMap":{},"s":{"0":1,"1":1},"f":{},"b":{}}
,"/Users/adam.fitzpatrick/play/mighty-runner/src/containers/smart-stat/smart-stat.tsx": {"path":"/Users/adam.fitzpatrick/play/mighty-runner/src/containers/smart-stat/smart-stat.tsx","statementMap":{"0":{"start":{"line":1,"column":0},"end":{"line":1,"column":37}},"1":{"start":{"line":2,"column":0},"end":{"line":2,"column":46}},"2":{"start":{"line":3,"column":0},"end":{"line":3,"column":35}},"3":{"start":{"line":5,"column":0},"end":{"line":5,"column":35}},"4":{"start":{"line":6,"column":0},"end":{"line":6,"column":43}},"5":{"start":{"line":8,"column":0},"end":{"line":8,"column":54}},"6":{"start":{"line":10,"column":0},"end":{"line":10,"column":66}},"7":{"start":{"line":27,"column":0},"end":{"line":27,"column":62}},"8":{"start":{"line":27,"column":39},"end":{"line":27,"column":48}},"9":{"start":{"line":32,"column":4},"end":{"line":32,"column":null}},"10":{"start":{"line":89,"column":10},"end":{"line":93,"column":null}},"11":{"start":{"line":91,"column":6},"end":{"line":91,"column":null}},"12":{"start":{"line":95,"column":10},"end":{"line":97,"column":null}},"13":{"start":{"line":96,"column":4},"end":{"line":96,"column":null}},"14":{"start":{"line":96,"column":36},"end":{"line":96,"column":74}},"15":{"start":{"line":99,"column":10},"end":{"line":101,"column":null}},"16":{"start":{"line":100,"column":4},"end":{"line":100,"column":null}},"17":{"start":{"line":103,"column":10},"end":{"line":105,"column":null}},"18":{"start":{"line":104,"column":4},"end":{"line":104,"column":null}},"19":{"start":{"line":107,"column":10},"end":{"line":112,"column":null}},"20":{"start":{"line":108,"column":17},"end":{"line":108,"column":31}},"21":{"start":{"line":109,"column":4},"end":{"line":111,"column":null}},"22":{"start":{"line":110,"column":6},"end":{"line":110,"column":null}},"23":{"start":{"line":114,"column":10},"end":{"line":119,"column":null}},"24":{"start":{"line":115,"column":20},"end":{"line":115,"column":108}},"25":{"start":{"line":116,"column":4},"end":{"line":118,"column":null}},"26":{"start":{"line":117,"column":6},"end":{"line":117,"column":null}},"27":{"start":{"line":33,"column":4},"end":{"line":38,"column":null}},"28":{"start":{"line":41,"column":2},"end":{"line":63,"column":null}},"29":{"start":{"line":41,"column":2},"end":{"line":41,"column":8}},"30":{"start":{"line":42,"column":20},"end":{"line":42,"column":108}},"31":{"start":{"line":43,"column":4},"end":{"line":62,"column":null}},"32":{"start":{"line":49,"column":20},"end":{"line":49,"column":null}},"33":{"start":{"line":65,"column":2},"end":{"line":67,"column":null}},"34":{"start":{"line":66,"column":4},"end":{"line":66,"column":null}},"35":{"start":{"line":69,"column":2},"end":{"line":79,"column":null}},"36":{"start":{"line":70,"column":17},"end":{"line":70,"column":53}},"37":{"start":{"line":71,"column":24},"end":{"line":71,"column":41}},"38":{"start":{"line":72,"column":25},"end":{"line":72,"column":43}},"39":{"start":{"line":74,"column":6},"end":{"line":74,"column":null}},"40":{"start":{"line":77,"column":6},"end":{"line":77,"column":null}},"41":{"start":{"line":81,"column":2},"end":{"line":83,"column":null}},"42":{"start":{"line":82,"column":4},"end":{"line":82,"column":null}},"43":{"start":{"line":85,"column":10},"end":{"line":87,"column":null}},"44":{"start":{"line":86,"column":4},"end":{"line":86,"column":null}},"45":{"start":{"line":121,"column":10},"end":{"line":131,"column":null}},"46":{"start":{"line":122,"column":4},"end":{"line":130,"column":null}},"47":{"start":{"line":133,"column":10},"end":{"line":148,"column":null}},"48":{"start":{"line":133,"column":2},"end":{"line":133,"column":10}},"49":{"start":{"line":134,"column":17},"end":{"line":134,"column":31}},"50":{"start":{"line":135,"column":18},"end":{"line":135,"column":63}},"51":{"start":{"line":136,"column":4},"end":{"line":147,"column":null}},"52":{"start":{"line":138,"column":20},"end":{"line":138,"column":null}},"53":{"start":{"line":27,"column":21},"end":{"line":149,"column":null}},"54":{"start":{"line":149,"column":0},"end":{"line":149,"column":null}}},"fnMap":{"0":{"name":"SmartStat","decl":{"start":{"line":31,"column":2},"end":{"line":31,"column":15}},"loc":{"start":{"line":31,"column":27},"end":{"line":39,"column":3}}},"1":{"name":"(anonymous_9)","decl":{"start":{"line":89,"column":34},"end":{"line":89,"column":35}},"loc":{"start":{"line":89,"column":47},"end":{"line":93,"column":3}}},"2":{"name":"(anonymous_10)","decl":{"start":{"line":95,"column":31},"end":{"line":95,"column":null}},"loc":{"start":{"line":95,"column":31},"end":{"line":97,"column":3}}},"3":{"name":"(anonymous_11)","decl":{"start":{"line":96,"column":18},"end":{"line":96,"column":19}},"loc":{"start":{"line":96,"column":31},"end":{"line":96,"column":37}}},"4":{"name":"(anonymous_12)","decl":{"start":{"line":99,"column":33},"end":{"line":99,"column":null}},"loc":{"start":{"line":99,"column":33},"end":{"line":101,"column":3}}},"5":{"name":"(anonymous_13)","decl":{"start":{"line":103,"column":31},"end":{"line":103,"column":32}},"loc":{"start":{"line":103,"column":48},"end":{"line":105,"column":3}}},"6":{"name":"(anonymous_14)","decl":{"start":{"line":107,"column":29},"end":{"line":107,"column":null}},"loc":{"start":{"line":107,"column":29},"end":{"line":112,"column":3}}},"7":{"name":"(anonymous_15)","decl":{"start":{"line":109,"column":42},"end":{"line":109,"column":43}},"loc":{"start":{"line":109,"column":69},"end":{"line":111,"column":5}}},"8":{"name":"(anonymous_16)","decl":{"start":{"line":114,"column":33},"end":{"line":114,"column":null}},"loc":{"start":{"line":114,"column":33},"end":{"line":119,"column":3}}},"9":{"name":"(anonymous_17)","decl":{"start":{"line":116,"column":52},"end":{"line":116,"column":53}},"loc":{"start":{"line":116,"column":66},"end":{"line":118,"column":5}}},"10":{"name":"(anonymous_18)","decl":{"start":{"line":41,"column":2},"end":{"line":41,"column":8}},"loc":{"start":{"line":41,"column":2},"end":{"line":63,"column":3}}},"11":{"name":"(anonymous_19)","decl":{"start":{"line":49,"column":13},"end":{"line":49,"column":16}},"loc":{"start":{"line":49,"column":16},"end":{"line":49,"column":24}}},"12":{"name":"(anonymous_20)","decl":{"start":{"line":65,"column":2},"end":{"line":65,"column":20}},"loc":{"start":{"line":65,"column":2},"end":{"line":67,"column":3}}},"13":{"name":"(anonymous_21)","decl":{"start":{"line":69,"column":2},"end":{"line":69,"column":19}},"loc":{"start":{"line":69,"column":2},"end":{"line":79,"column":3}}},"14":{"name":"(anonymous_22)","decl":{"start":{"line":81,"column":2},"end":{"line":81,"column":22}},"loc":{"start":{"line":81,"column":2},"end":{"line":83,"column":3}}},"15":{"name":"(anonymous_23)","decl":{"start":{"line":85,"column":2},"end":{"line":85,"column":10}},"loc":{"start":{"line":85,"column":2},"end":{"line":87,"column":3}}},"16":{"name":"(anonymous_24)","decl":{"start":{"line":121,"column":2},"end":{"line":121,"column":10}},"loc":{"start":{"line":121,"column":2},"end":{"line":131,"column":3}}},"17":{"name":"(anonymous_25)","decl":{"start":{"line":133,"column":2},"end":{"line":133,"column":10}},"loc":{"start":{"line":133,"column":2},"end":{"line":148,"column":3}}},"18":{"name":"(anonymous_26)","decl":{"start":{"line":138,"column":13},"end":{"line":138,"column":16}},"loc":{"start":{"line":138,"column":16},"end":{"line":138,"column":24}}}},"branchMap":{"0":{"loc":{"start":{"line":32,"column":4},"end":{"line":32,"column":16}},"type":"binary-expr","locations":[{"start":{"line":32,"column":4},"end":{"line":32,"column":16}},{"start":{"line":32,"column":16},"end":{"line":32,"column":null}}]},"1":{"loc":{"start":{"line":117,"column":38},"end":{"line":117,"column":50}},"type":"cond-expr","locations":[{"start":{"line":117,"column":38},"end":{"line":117,"column":50}},{"start":{"line":117,"column":53},"end":{"line":117,"column":54}}]},"2":{"loc":{"start":{"line":135,"column":37},"end":{"line":135,"column":51}},"type":"cond-expr","locations":[{"start":{"line":135,"column":37},"end":{"line":135,"column":51}},{"start":{"line":135,"column":54},"end":{"line":135,"column":63}}]}},"s":{"0":1,"1":1,"2":1,"3":1,"4":1,"5":1,"6":1,"7":1,"8":1,"9":11,"10":11,"11":7,"12":11,"13":3,"14":3,"15":11,"16":65,"17":11,"18":1,"19":11,"20":65,"21":65,"22":130,"23":11,"24":65,"25":65,"26":65,"27":11,"28":1,"29":65,"30":65,"31":65,"32":120,"33":1,"34":11,"35":1,"36":11,"37":11,"38":11,"39":2,"40":2,"41":1,"42":1,"43":1,"44":260,"45":1,"46":65,"47":1,"48":65,"49":65,"50":65,"51":65,"52":120,"53":1,"54":1},"f":{"0":11,"1":7,"2":3,"3":3,"4":65,"5":1,"6":65,"7":130,"8":65,"9":65,"10":65,"11":120,"12":11,"13":11,"14":1,"15":260,"16":65,"17":65,"18":120},"b":{"0":[11,11],"1":[62,3],"2":[10,55]}}
,"/Users/adam.fitzpatrick/play/mighty-runner/src/services/character-display-service.ts": {"path":"/Users/adam.fitzpatrick/play/mighty-runner/src/services/character-display-service.ts","statementMap":{"0":{"start":{"line":4,"column":26},"end":{"line":8,"column":1}},"1":{"start":{"line":5,"column":2},"end":{"line":7,"column":null}},"2":{"start":{"line":6,"column":4},"end":{"line":6,"column":null}},"3":{"start":{"line":6,"column":48},"end":{"line":6,"column":84}},"4":{"start":{"line":10,"column":21},"end":{"line":12,"column":1}},"5":{"start":{"line":11,"column":2},"end":{"line":11,"column":null}},"6":{"start":{"line":11,"column":60},"end":{"line":11,"column":89}},"7":{"start":{"line":14,"column":25},"end":{"line":19,"column":1}},"8":{"start":{"line":15,"column":2},"end":{"line":18,"column":null}},"9":{"start":{"line":17,"column":24},"end":{"line":17,"column":38}},"10":{"start":{"line":18,"column":31},"end":{"line":18,"column":51}},"11":{"start":{"line":21,"column":0},"end":{"line":25,"column":null}}},"fnMap":{"0":{"name":"(anonymous_0)","decl":{"start":{"line":4,"column":26},"end":{"line":4,"column":27}},"loc":{"start":{"line":4,"column":68},"end":{"line":8,"column":1}}},"1":{"name":"(anonymous_1)","decl":{"start":{"line":5,"column":24},"end":{"line":5,"column":30}},"loc":{"start":{"line":5,"column":30},"end":{"line":7,"column":3}}},"2":{"name":"(anonymous_2)","decl":{"start":{"line":6,"column":31},"end":{"line":6,"column":32}},"loc":{"start":{"line":6,"column":43},"end":{"line":6,"column":58}}},"3":{"name":"(anonymous_3)","decl":{"start":{"line":10,"column":21},"end":{"line":10,"column":22}},"loc":{"start":{"line":10,"column":44},"end":{"line":12,"column":1}}},"4":{"name":"(anonymous_4)","decl":{"start":{"line":11,"column":46},"end":{"line":11,"column":47}},"loc":{"start":{"line":11,"column":55},"end":{"line":11,"column":63}}},"5":{"name":"(anonymous_5)","decl":{"start":{"line":14,"column":25},"end":{"line":14,"column":26}},"loc":{"start":{"line":14,"column":67},"end":{"line":19,"column":1}}},"6":{"name":"(anonymous_6)","decl":{"start":{"line":17,"column":14},"end":{"line":17,"column":20}},"loc":{"start":{"line":17,"column":20},"end":{"line":17,"column":30}}},"7":{"name":"(anonymous_7)","decl":{"start":{"line":18,"column":14},"end":{"line":18,"column":15}},"loc":{"start":{"line":18,"column":26},"end":{"line":18,"column":34}}}},"branchMap":{},"s":{"0":3,"1":135,"2":268,"3":403,"4":3,"5":4,"6":8,"7":3,"8":3,"9":3,"10":2,"11":3},"f":{"0":135,"1":268,"2":403,"3":4,"4":8,"5":3,"6":3,"7":2},"b":{}}
,"/Users/adam.fitzpatrick/play/mighty-runner/src/state/active-character-store.ts": {"path":"/Users/adam.fitzpatrick/play/mighty-runner/src/state/active-character-store.ts","statementMap":{"0":{"start":{"line":1,"column":0},"end":{"line":1,"column":76}},"1":{"start":{"line":2,"column":0},"end":{"line":2,"column":46}},"2":{"start":{"line":24,"column":0},"end":{"line":24,"column":13}},"3":{"start":{"line":33,"column":2},"end":{"line":33,"column":null}},"4":{"start":{"line":28,"column":14},"end":{"line":28,"column":null}},"5":{"start":{"line":29,"column":14},"end":{"line":29,"column":null}},"6":{"start":{"line":30,"column":14},"end":{"line":30,"column":null}},"7":{"start":{"line":31,"column":14},"end":{"line":31,"column":null}},"8":{"start":{"line":120,"column":10},"end":{"line":123,"column":null}},"9":{"start":{"line":121,"column":27},"end":{"line":121,"column":33}},"10":{"start":{"line":122,"column":4},"end":{"line":122,"column":null}},"11":{"start":{"line":34,"column":4},"end":{"line":34,"column":null}},"12":{"start":{"line":34,"column":19},"end":{"line":34,"column":35}},"13":{"start":{"line":41,"column":2},"end":{"line":49,"column":null}},"14":{"start":{"line":44,"column":6},"end":{"line":44,"column":null}},"15":{"start":{"line":45,"column":6},"end":{"line":45,"column":null}},"16":{"start":{"line":47,"column":6},"end":{"line":47,"column":12}},"17":{"start":{"line":56,"column":2},"end":{"line":59,"column":null}},"18":{"start":{"line":57,"column":4},"end":{"line":57,"column":null}},"19":{"start":{"line":58,"column":4},"end":{"line":58,"column":null}},"20":{"start":{"line":67,"column":2},"end":{"line":70,"column":null}},"21":{"start":{"line":68,"column":4},"end":{"line":68,"column":null}},"22":{"start":{"line":69,"column":4},"end":{"line":69,"column":null}},"23":{"start":{"line":78,"column":2},"end":{"line":81,"column":null}},"24":{"start":{"line":79,"column":4},"end":{"line":79,"column":null}},"25":{"start":{"line":80,"column":4},"end":{"line":80,"column":null}},"26":{"start":{"line":88,"column":2},"end":{"line":95,"column":null}},"27":{"start":{"line":89,"column":18},"end":{"line":89,"column":83}},"28":{"start":{"line":89,"column":52},"end":{"line":89,"column":83}},"29":{"start":{"line":91,"column":20},"end":{"line":91,"column":42}},"30":{"start":{"line":92,"column":4},"end":{"line":92,"column":null}},"31":{"start":{"line":93,"column":4},"end":{"line":93,"column":null}},"32":{"start":{"line":94,"column":4},"end":{"line":94,"column":null}},"33":{"start":{"line":102,"column":2},"end":{"line":107,"column":null}},"34":{"start":{"line":103,"column":20},"end":{"line":103,"column":91}},"35":{"start":{"line":103,"column":67},"end":{"line":103,"column":90}},"36":{"start":{"line":105,"column":4},"end":{"line":105,"column":null}},"37":{"start":{"line":106,"column":4},"end":{"line":106,"column":null}},"38":{"start":{"line":115,"column":2},"end":{"line":118,"column":null}},"39":{"start":{"line":116,"column":4},"end":{"line":116,"column":null}},"40":{"start":{"line":117,"column":4},"end":{"line":117,"column":null}},"41":{"start":{"line":125,"column":10},"end":{"line":129,"column":null}},"42":{"start":{"line":126,"column":33},"end":{"line":126,"column":63}},"43":{"start":{"line":127,"column":4},"end":{"line":127,"column":null}},"44":{"start":{"line":128,"column":4},"end":{"line":128,"column":null}},"45":{"start":{"line":131,"column":10},"end":{"line":136,"column":null}},"46":{"start":{"line":132,"column":4},"end":{"line":135,"column":null}},"47":{"start":{"line":138,"column":10},"end":{"line":141,"column":null}},"48":{"start":{"line":139,"column":4},"end":{"line":140,"column":null}},"49":{"start":{"line":143,"column":10},"end":{"line":152,"column":null}},"50":{"start":{"line":144,"column":4},"end":{"line":148,"column":null}},"51":{"start":{"line":149,"column":4},"end":{"line":149,"column":null}},"52":{"start":{"line":150,"column":4},"end":{"line":150,"column":null}},"53":{"start":{"line":151,"column":4},"end":{"line":151,"column":null}},"54":{"start":{"line":154,"column":10},"end":{"line":163,"column":null}},"55":{"start":{"line":155,"column":4},"end":{"line":162,"column":null}},"56":{"start":{"line":25,"column":9},"end":{"line":25,"column":null}},"57":{"start":{"line":26,"column":9},"end":{"line":26,"column":null}},"58":{"start":{"line":164,"column":0},"end":{"line":164,"column":null}},"59":{"start":{"line":24,"column":13},"end":{"line":24,"column":33}},"60":{"start":{"line":166,"column":13},"end":{"line":166,"column":null}}},"fnMap":{"0":{"name":"ActiveCharacterStore","decl":{"start":{"line":33,"column":2},"end":{"line":33,"column":null}},"loc":{"start":{"line":33,"column":2},"end":{"line":35,"column":3}}},"1":{"name":"(anonymous_3)","decl":{"start":{"line":120,"column":30},"end":{"line":120,"column":null}},"loc":{"start":{"line":120,"column":30},"end":{"line":123,"column":3}}},"2":{"name":"(anonymous_4)","decl":{"start":{"line":34,"column":13},"end":{"line":34,"column":19}},"loc":{"start":{"line":34,"column":13},"end":{"line":34,"column":23}}},"3":{"name":"(anonymous_5)","decl":{"start":{"line":41,"column":2},"end":{"line":41,"column":22}},"loc":{"start":{"line":41,"column":2},"end":{"line":49,"column":3}}},"4":{"name":"(anonymous_6)","decl":{"start":{"line":56,"column":2},"end":{"line":56,"column":20}},"loc":{"start":{"line":56,"column":64},"end":{"line":59,"column":3}}},"5":{"name":"(anonymous_7)","decl":{"start":{"line":67,"column":2},"end":{"line":67,"column":17}},"loc":{"start":{"line":67,"column":69},"end":{"line":70,"column":3}}},"6":{"name":"(anonymous_8)","decl":{"start":{"line":78,"column":2},"end":{"line":78,"column":22}},"loc":{"start":{"line":78,"column":89},"end":{"line":81,"column":3}}},"7":{"name":"(anonymous_9)","decl":{"start":{"line":88,"column":2},"end":{"line":88,"column":14}},"loc":{"start":{"line":88,"column":37},"end":{"line":95,"column":3}}},"8":{"name":"(anonymous_10)","decl":{"start":{"line":89,"column":42},"end":{"line":89,"column":48}},"loc":{"start":{"line":89,"column":48},"end":{"line":89,"column":58}}},"9":{"name":"(anonymous_11)","decl":{"start":{"line":102,"column":2},"end":{"line":102,"column":14}},"loc":{"start":{"line":102,"column":32},"end":{"line":107,"column":3}}},"10":{"name":"(anonymous_12)","decl":{"start":{"line":103,"column":57},"end":{"line":103,"column":63}},"loc":{"start":{"line":103,"column":63},"end":{"line":103,"column":73}}},"11":{"name":"(anonymous_13)","decl":{"start":{"line":115,"column":2},"end":{"line":115,"column":11}},"loc":{"start":{"line":115,"column":27},"end":{"line":118,"column":3}}},"12":{"name":"(anonymous_14)","decl":{"start":{"line":125,"column":2},"end":{"line":125,"column":10}},"loc":{"start":{"line":125,"column":2},"end":{"line":129,"column":3}}},"13":{"name":"(anonymous_15)","decl":{"start":{"line":131,"column":2},"end":{"line":131,"column":10}},"loc":{"start":{"line":131,"column":75},"end":{"line":136,"column":3}}},"14":{"name":"(anonymous_16)","decl":{"start":{"line":138,"column":2},"end":{"line":138,"column":10}},"loc":{"start":{"line":138,"column":66},"end":{"line":141,"column":3}}},"15":{"name":"(anonymous_17)","decl":{"start":{"line":140,"column":12},"end":{"line":140,"column":32}},"loc":{"start":{"line":140,"column":12},"end":{"line":140,"column":33}}},"16":{"name":"(anonymous_18)","decl":{"start":{"line":140,"column":35},"end":{"line":140,"column":55}},"loc":{"start":{"line":140,"column":35},"end":{"line":140,"column":56}}},"17":{"name":"(anonymous_19)","decl":{"start":{"line":143,"column":2},"end":{"line":143,"column":10}},"loc":{"start":{"line":143,"column":76},"end":{"line":152,"column":3}}},"18":{"name":"(anonymous_20)","decl":{"start":{"line":154,"column":2},"end":{"line":154,"column":10}},"loc":{"start":{"line":154,"column":2},"end":{"line":163,"column":3}}}},"branchMap":{},"s":{"0":2,"1":2,"2":2,"3":2,"4":4,"5":4,"6":4,"7":4,"8":2,"9":16,"10":26,"11":2,"12":44,"13":4,"14":2,"15":2,"16":1,"17":4,"18":23,"19":23,"20":4,"21":2,"22":2,"23":4,"24":2,"25":2,"26":4,"27":5,"28":5,"29":5,"30":5,"31":5,"32":5,"33":4,"34":3,"35":3,"36":3,"37":3,"38":4,"39":3,"40":3,"41":2,"42":38,"43":38,"44":38,"45":2,"46":61,"47":2,"48":38,"49":2,"50":25,"51":24,"52":24,"53":24,"54":2,"55":38,"56":2,"57":2,"58":2,"59":2,"60":2},"f":{"0":2,"1":42,"2":44,"3":2,"4":23,"5":2,"6":2,"7":5,"8":5,"9":3,"10":3,"11":3,"12":38,"13":61,"14":38,"15":29,"16":9,"17":25,"18":38},"b":{}}
}
