{"/Users/adam.fitzpatrick/play/mighty-runner/src/components/input/index.ts": {"path":"/Users/adam.fitzpatrick/play/mighty-runner/src/components/input/index.ts","statementMap":{"0":{"start":{"line":1,"column":0},"end":{"line":1,"column":9}},"1":{"start":{"line":1,"column":9},"end":{"line":1,"column":33}},"2":{"start":{"line":2,"column":0},"end":{"line":2,"column":23}}},"fnMap":{},"branchMap":{},"s":{"0":2,"1":2,"2":2},"f":{},"b":{}}
,"/Users/adam.fitzpatrick/play/mighty-runner/src/components/input/input.tsx": {"path":"/Users/adam.fitzpatrick/play/mighty-runner/src/components/input/input.tsx","statementMap":{"0":{"start":{"line":1,"column":0},"end":{"line":1,"column":30}},"1":{"start":{"line":15,"column":33},"end":{"line":15,"column":38}},"2":{"start":{"line":15,"column":40},"end":{"line":15,"column":45}},"3":{"start":{"line":15,"column":47},"end":{"line":15,"column":51}},"4":{"start":{"line":15,"column":53},"end":{"line":15,"column":61}},"5":{"start":{"line":15,"column":63},"end":{"line":15,"column":69}},"6":{"start":{"line":16,"column":24},"end":{"line":24,"column":3}},"7":{"start":{"line":17,"column":4},"end":{"line":23,"column":null}},"8":{"start":{"line":18,"column":6},"end":{"line":18,"column":null}},"9":{"start":{"line":19,"column":11},"end":{"line":23,"column":null}},"10":{"start":{"line":20,"column":6},"end":{"line":20,"column":null}},"11":{"start":{"line":22,"column":6},"end":{"line":22,"column":null}},"12":{"start":{"line":26,"column":2},"end":{"line":38,"column":null}},"13":{"start":{"line":15,"column":0},"end":{"line":15,"column":24}}},"fnMap":{"0":{"name":"Input","decl":{"start":{"line":15,"column":24},"end":{"line":15,"column":29}},"loc":{"start":{"line":15,"column":78},"end":{"line":39,"column":1}}},"1":{"name":"(anonymous_1)","decl":{"start":{"line":16,"column":24},"end":{"line":16,"column":25}},"loc":{"start":{"line":16,"column":67},"end":{"line":24,"column":3}}}},"branchMap":{"0":{"loc":{"start":{"line":17,"column":4},"end":{"line":23,"column":null}},"type":"if","locations":[{"start":{"line":17,"column":4},"end":{"line":23,"column":null}},{"start":{"line":17,"column":4},"end":{"line":23,"column":null}}]},"1":{"loc":{"start":{"line":19,"column":11},"end":{"line":23,"column":null}},"type":"if","locations":[{"start":{"line":19,"column":11},"end":{"line":23,"column":null}},{"start":{"line":19,"column":11},"end":{"line":23,"column":null}}]},"2":{"loc":{"start":{"line":20,"column":15},"end":{"line":20,"column":45}},"type":"binary-expr","locations":[{"start":{"line":20,"column":15},"end":{"line":20,"column":45}},{"start":{"line":20,"column":49},"end":{"line":20,"column":50}}]},"3":{"loc":{"start":{"line":31,"column":37},"end":{"line":31,"column":43}},"type":"cond-expr","locations":[{"start":{"line":31,"column":37},"end":{"line":31,"column":43}},{"start":{"line":31,"column":46},"end":{"line":31,"column":50}}]},"4":{"loc":{"start":{"line":32,"column":47},"end":{"line":32,"column":56}},"type":"cond-expr","locations":[{"start":{"line":32,"column":47},"end":{"line":32,"column":56}},{"start":{"line":32,"column":59},"end":{"line":32,"column":64}}]},"5":{"loc":{"start":{"line":33,"column":49},"end":{"line":33,"column":54}},"type":"cond-expr","locations":[{"start":{"line":33,"column":49},"end":{"line":33,"column":54}},{"start":{"line":33,"column":57},"end":{"line":33,"column":66}}]}},"s":{"0":2,"1":90,"2":90,"3":90,"4":90,"5":90,"6":90,"7":5,"8":1,"9":4,"10":2,"11":2,"12":90,"13":2},"f":{"0":90,"1":5},"b":{"0":[1,4],"1":[2,2],"2":[2,1],"3":[37,53],"4":[1,89],"5":[1,89]}}
,"/Users/adam.fitzpatrick/play/mighty-runner/src/containers/personal-data/personal-data.tsx": {"path":"/Users/adam.fitzpatrick/play/mighty-runner/src/containers/personal-data/personal-data.tsx","statementMap":{"0":{"start":{"line":1,"column":0},"end":{"line":1,"column":30}},"1":{"start":{"line":2,"column":0},"end":{"line":2,"column":54}},"2":{"start":{"line":5,"column":0},"end":{"line":5,"column":77}},"3":{"start":{"line":6,"column":0},"end":{"line":6,"column":52}},"4":{"start":{"line":11,"column":23},"end":{"line":11,"column":75}},"5":{"start":{"line":11,"column":56},"end":{"line":11,"column":75}},"6":{"start":{"line":12,"column":19},"end":{"line":12,"column":32}},"7":{"start":{"line":13,"column":26},"end":{"line":13,"column":58}},"8":{"start":{"line":14,"column":24},"end":{"line":14,"column":54}},"9":{"start":{"line":16,"column":2},"end":{"line":16,"column":null}},"10":{"start":{"line":16,"column":23},"end":{"line":16,"column":36}},"11":{"start":{"line":18,"column":21},"end":{"line":22,"column":3}},"12":{"start":{"line":19,"column":4},"end":{"line":21,"column":null}},"13":{"start":{"line":20,"column":6},"end":{"line":20,"column":null}},"14":{"start":{"line":24,"column":22},"end":{"line":26,"column":3}},"15":{"start":{"line":25,"column":4},"end":{"line":25,"column":null}},"16":{"start":{"line":28,"column":19},"end":{"line":37,"column":3}},"17":{"start":{"line":29,"column":4},"end":{"line":36,"column":null}},"18":{"start":{"line":39,"column":2},"end":{"line":54,"column":null}},"19":{"start":{"line":10,"column":0},"end":{"line":10,"column":24}}},"fnMap":{"0":{"name":"PersonalData","decl":{"start":{"line":10,"column":24},"end":{"line":10,"column":36}},"loc":{"start":{"line":10,"column":36},"end":{"line":55,"column":1}}},"1":{"name":"(anonymous_3)","decl":{"start":{"line":11,"column":35},"end":{"line":11,"column":36}},"loc":{"start":{"line":11,"column":51},"end":{"line":11,"column":61}}},"2":{"name":"(anonymous_4)","decl":{"start":{"line":18,"column":21},"end":{"line":18,"column":22}},"loc":{"start":{"line":18,"column":57},"end":{"line":22,"column":3}}},"3":{"name":"(anonymous_5)","decl":{"start":{"line":19,"column":11},"end":{"line":19,"column":12}},"loc":{"start":{"line":19,"column":28},"end":{"line":21,"column":5}}},"4":{"name":"(anonymous_6)","decl":{"start":{"line":24,"column":22},"end":{"line":24,"column":null}},"loc":{"start":{"line":24,"column":22},"end":{"line":26,"column":3}}},"5":{"name":"(anonymous_7)","decl":{"start":{"line":28,"column":19},"end":{"line":28,"column":20}},"loc":{"start":{"line":28,"column":84},"end":{"line":37,"column":3}}}},"branchMap":{"0":{"loc":{"start":{"line":16,"column":2},"end":{"line":16,"column":null}},"type":"if","locations":[{"start":{"line":16,"column":2},"end":{"line":16,"column":null}},{"start":{"line":16,"column":2},"end":{"line":16,"column":null}}]},"1":{"loc":{"start":{"line":33,"column":14},"end":{"line":33,"column":33}},"type":"binary-expr","locations":[{"start":{"line":33,"column":14},"end":{"line":33,"column":33}},{"start":{"line":33,"column":37},"end":{"line":33,"column":39}}]}},"s":{"0":1,"1":1,"2":1,"3":1,"4":8,"5":17,"6":8,"7":8,"8":8,"9":8,"10":1,"11":7,"12":84,"13":1,"14":7,"15":1,"16":7,"17":84,"18":7,"19":1},"f":{"0":8,"1":17,"2":84,"3":1,"4":1,"5":84},"b":{"0":[1,7],"1":[84,1]}}
,"/Users/adam.fitzpatrick/play/mighty-runner/src/state/default-state.ts": {"path":"/Users/adam.fitzpatrick/play/mighty-runner/src/state/default-state.ts","statementMap":{"0":{"start":{"line":12,"column":13},"end":{"line":19,"column":null}},"1":{"start":{"line":21,"column":0},"end":{"line":21,"column":null}}},"fnMap":{},"branchMap":{},"s":{"0":1,"1":1},"f":{},"b":{}}
,"/Users/adam.fitzpatrick/play/mighty-runner/src/state/reducers/active-character.reducer.ts": {"path":"/Users/adam.fitzpatrick/play/mighty-runner/src/state/reducers/active-character.reducer.ts","statementMap":{"0":{"start":{"line":1,"column":0},"end":{"line":1,"column":47}},"1":{"start":{"line":2,"column":0},"end":{"line":2,"column":58}},"2":{"start":{"line":6,"column":2},"end":{"line":6,"column":null}},"3":{"start":{"line":9,"column":2},"end":{"line":16,"column":null}},"4":{"start":{"line":12,"column":6},"end":{"line":12,"column":null}},"5":{"start":{"line":15,"column":6},"end":{"line":15,"column":null}},"6":{"start":{"line":5,"column":0},"end":{"line":5,"column":16}}},"fnMap":{"0":{"name":"activeCharacter","decl":{"start":{"line":5,"column":16},"end":{"line":5,"column":31}},"loc":{"start":{"line":7,"column":60},"end":{"line":17,"column":1}}}},"branchMap":{"0":{"loc":{"start":{"line":6,"column":2},"end":{"line":6,"column":null}},"type":"if","locations":[{"start":{"line":6,"column":2},"end":{"line":6,"column":null}},{"start":{"line":6,"column":2},"end":{"line":6,"column":null}}]},"1":{"loc":{"start":{"line":10,"column":4},"end":{"line":10,"column":52}},"type":"switch","locations":[{"start":{"line":10,"column":4},"end":{"line":10,"column":52}},{"start":{"line":11,"column":4},"end":{"line":12,"column":null}},{"start":{"line":13,"column":4},"end":{"line":13,"column":46}},{"start":{"line":14,"column":4},"end":{"line":15,"column":null}}]}},"s":{"0":1,"1":1,"2":13,"3":11,"4":0,"5":11,"6":1},"f":{"0":11},"b":{"0":[2,9],"1":[0,0,1,11]}}
,"/Users/adam.fitzpatrick/play/mighty-runner/src/state/reducers/attributes.reducer.ts": {"path":"/Users/adam.fitzpatrick/play/mighty-runner/src/state/reducers/attributes.reducer.ts","statementMap":{"0":{"start":{"line":1,"column":0},"end":{"line":1,"column":81}},"1":{"start":{"line":3,"column":0},"end":{"line":3,"column":47}},"2":{"start":{"line":6,"column":2},"end":{"line":6,"column":null}},"3":{"start":{"line":9,"column":2},"end":{"line":18,"column":null}},"4":{"start":{"line":11,"column":6},"end":{"line":11,"column":null}},"5":{"start":{"line":13,"column":22},"end":{"line":13,"column":62}},"6":{"start":{"line":14,"column":6},"end":{"line":14,"column":null}},"7":{"start":{"line":15,"column":6},"end":{"line":15,"column":null}},"8":{"start":{"line":17,"column":6},"end":{"line":17,"column":null}},"9":{"start":{"line":5,"column":0},"end":{"line":5,"column":16}}},"fnMap":{"0":{"name":"attributes","decl":{"start":{"line":5,"column":16},"end":{"line":5,"column":26}},"loc":{"start":{"line":7,"column":71},"end":{"line":19,"column":1}}}},"branchMap":{"0":{"loc":{"start":{"line":6,"column":2},"end":{"line":6,"column":null}},"type":"if","locations":[{"start":{"line":6,"column":2},"end":{"line":6,"column":null}},{"start":{"line":6,"column":2},"end":{"line":6,"column":null}}]},"1":{"loc":{"start":{"line":10,"column":4},"end":{"line":11,"column":null}},"type":"switch","locations":[{"start":{"line":10,"column":4},"end":{"line":11,"column":null}},{"start":{"line":12,"column":4},"end":{"line":15,"column":null}},{"start":{"line":16,"column":4},"end":{"line":17,"column":null}}]}},"s":{"0":1,"1":1,"2":13,"3":11,"4":0,"5":0,"6":0,"7":0,"8":11,"9":1},"f":{"0":11},"b":{"0":[2,9],"1":[0,0,11]}}
,"/Users/adam.fitzpatrick/play/mighty-runner/src/state/reducers/characters.reducer.ts": {"path":"/Users/adam.fitzpatrick/play/mighty-runner/src/state/reducers/characters.reducer.ts","statementMap":{"0":{"start":{"line":1,"column":0},"end":{"line":1,"column":61}},"1":{"start":{"line":3,"column":0},"end":{"line":3,"column":57}},"2":{"start":{"line":6,"column":2},"end":{"line":6,"column":null}},"3":{"start":{"line":9,"column":2},"end":{"line":16,"column":null}},"4":{"start":{"line":11,"column":6},"end":{"line":11,"column":null}},"5":{"start":{"line":15,"column":6},"end":{"line":15,"column":null}},"6":{"start":{"line":5,"column":0},"end":{"line":5,"column":16}}},"fnMap":{"0":{"name":"characters","decl":{"start":{"line":5,"column":16},"end":{"line":5,"column":26}},"loc":{"start":{"line":7,"column":47},"end":{"line":17,"column":1}}}},"branchMap":{"0":{"loc":{"start":{"line":6,"column":2},"end":{"line":6,"column":null}},"type":"if","locations":[{"start":{"line":6,"column":2},"end":{"line":6,"column":null}},{"start":{"line":6,"column":2},"end":{"line":6,"column":null}}]},"1":{"loc":{"start":{"line":10,"column":4},"end":{"line":11,"column":null}},"type":"switch","locations":[{"start":{"line":10,"column":4},"end":{"line":11,"column":null}},{"start":{"line":12,"column":4},"end":{"line":12,"column":42}},{"start":{"line":13,"column":4},"end":{"line":13,"column":50}},{"start":{"line":14,"column":4},"end":{"line":15,"column":null}}]}},"s":{"0":1,"1":1,"2":13,"3":11,"4":0,"5":11,"6":1},"f":{"0":11},"b":{"0":[2,9],"1":[0,0,0,11]}}
,"/Users/adam.fitzpatrick/play/mighty-runner/src/state/reducers/effects.reducer.ts": {"path":"/Users/adam.fitzpatrick/play/mighty-runner/src/state/reducers/effects.reducer.ts","statementMap":{"0":{"start":{"line":1,"column":0},"end":{"line":1,"column":51}},"1":{"start":{"line":3,"column":0},"end":{"line":3,"column":62}},"2":{"start":{"line":6,"column":34},"end":{"line":10,"column":1}},"3":{"start":{"line":7,"column":28},"end":{"line":7,"column":37}},"4":{"start":{"line":8,"column":2},"end":{"line":8,"column":null}},"5":{"start":{"line":8,"column":48},"end":{"line":8,"column":77}},"6":{"start":{"line":9,"column":2},"end":{"line":9,"column":null}},"7":{"start":{"line":13,"column":2},"end":{"line":13,"column":null}},"8":{"start":{"line":16,"column":2},"end":{"line":26,"column":null}},"9":{"start":{"line":18,"column":6},"end":{"line":18,"column":null}},"10":{"start":{"line":20,"column":6},"end":{"line":22,"column":null}},"11":{"start":{"line":21,"column":8},"end":{"line":21,"column":null}},"12":{"start":{"line":23,"column":6},"end":{"line":23,"column":null}},"13":{"start":{"line":25,"column":6},"end":{"line":25,"column":null}},"14":{"start":{"line":12,"column":0},"end":{"line":12,"column":16}}},"fnMap":{"0":{"name":"(anonymous_0)","decl":{"start":{"line":6,"column":34},"end":{"line":6,"column":35}},"loc":{"start":{"line":6,"column":73},"end":{"line":10,"column":1}}},"1":{"name":"(anonymous_1)","decl":{"start":{"line":8,"column":38},"end":{"line":8,"column":44}},"loc":{"start":{"line":8,"column":44},"end":{"line":8,"column":54}}},"2":{"name":"effects","decl":{"start":{"line":12,"column":16},"end":{"line":12,"column":23}},"loc":{"start":{"line":14,"column":50},"end":{"line":27,"column":1}}}},"branchMap":{"0":{"loc":{"start":{"line":13,"column":2},"end":{"line":13,"column":null}},"type":"if","locations":[{"start":{"line":13,"column":2},"end":{"line":13,"column":null}},{"start":{"line":13,"column":2},"end":{"line":13,"column":null}}]},"1":{"loc":{"start":{"line":17,"column":4},"end":{"line":18,"column":null}},"type":"switch","locations":[{"start":{"line":17,"column":4},"end":{"line":18,"column":null}},{"start":{"line":19,"column":4},"end":{"line":23,"column":null}},{"start":{"line":24,"column":4},"end":{"line":25,"column":null}}]},"2":{"loc":{"start":{"line":20,"column":6},"end":{"line":22,"column":null}},"type":"if","locations":[{"start":{"line":20,"column":6},"end":{"line":22,"column":null}},{"start":{"line":20,"column":6},"end":{"line":22,"column":null}}]}},"s":{"0":1,"1":1,"2":1,"3":0,"4":0,"5":0,"6":0,"7":13,"8":11,"9":0,"10":0,"11":0,"12":0,"13":11,"14":1},"f":{"0":0,"1":0,"2":11},"b":{"0":[2,9],"1":[0,0,11],"2":[0,0]}}
,"/Users/adam.fitzpatrick/play/mighty-runner/src/state/reducers/gear.reducer.ts": {"path":"/Users/adam.fitzpatrick/play/mighty-runner/src/state/reducers/gear.reducer.ts","statementMap":{"0":{"start":{"line":1,"column":0},"end":{"line":1,"column":51}},"1":{"start":{"line":3,"column":0},"end":{"line":3,"column":56}},"2":{"start":{"line":6,"column":31},"end":{"line":10,"column":1}},"3":{"start":{"line":7,"column":28},"end":{"line":7,"column":34}},"4":{"start":{"line":8,"column":2},"end":{"line":8,"column":null}},"5":{"start":{"line":8,"column":46},"end":{"line":8,"column":73}},"6":{"start":{"line":9,"column":2},"end":{"line":9,"column":null}},"7":{"start":{"line":13,"column":2},"end":{"line":13,"column":null}},"8":{"start":{"line":16,"column":2},"end":{"line":26,"column":null}},"9":{"start":{"line":18,"column":6},"end":{"line":18,"column":null}},"10":{"start":{"line":20,"column":6},"end":{"line":22,"column":null}},"11":{"start":{"line":21,"column":8},"end":{"line":21,"column":null}},"12":{"start":{"line":23,"column":6},"end":{"line":23,"column":null}},"13":{"start":{"line":25,"column":6},"end":{"line":25,"column":null}},"14":{"start":{"line":12,"column":0},"end":{"line":12,"column":16}}},"fnMap":{"0":{"name":"(anonymous_0)","decl":{"start":{"line":6,"column":31},"end":{"line":6,"column":32}},"loc":{"start":{"line":6,"column":71},"end":{"line":10,"column":1}}},"1":{"name":"(anonymous_1)","decl":{"start":{"line":8,"column":38},"end":{"line":8,"column":42}},"loc":{"start":{"line":8,"column":42},"end":{"line":8,"column":50}}},"2":{"name":"gear","decl":{"start":{"line":12,"column":16},"end":{"line":12,"column":20}},"loc":{"start":{"line":14,"column":51},"end":{"line":27,"column":1}}}},"branchMap":{"0":{"loc":{"start":{"line":13,"column":2},"end":{"line":13,"column":null}},"type":"if","locations":[{"start":{"line":13,"column":2},"end":{"line":13,"column":null}},{"start":{"line":13,"column":2},"end":{"line":13,"column":null}}]},"1":{"loc":{"start":{"line":17,"column":4},"end":{"line":18,"column":null}},"type":"switch","locations":[{"start":{"line":17,"column":4},"end":{"line":18,"column":null}},{"start":{"line":19,"column":4},"end":{"line":23,"column":null}},{"start":{"line":24,"column":4},"end":{"line":25,"column":null}}]},"2":{"loc":{"start":{"line":20,"column":6},"end":{"line":22,"column":null}},"type":"if","locations":[{"start":{"line":20,"column":6},"end":{"line":22,"column":null}},{"start":{"line":20,"column":6},"end":{"line":22,"column":null}}]}},"s":{"0":1,"1":1,"2":1,"3":0,"4":0,"5":0,"6":0,"7":13,"8":11,"9":0,"10":0,"11":0,"12":0,"13":11,"14":1},"f":{"0":0,"1":0,"2":11},"b":{"0":[2,9],"1":[0,0,11],"2":[0,0]}}
,"/Users/adam.fitzpatrick/play/mighty-runner/src/state/reducers/personal-data.reducer.ts": {"path":"/Users/adam.fitzpatrick/play/mighty-runner/src/state/reducers/personal-data.reducer.ts","statementMap":{"0":{"start":{"line":1,"column":0},"end":{"line":1,"column":43}},"1":{"start":{"line":3,"column":0},"end":{"line":3,"column":55}},"2":{"start":{"line":6,"column":2},"end":{"line":6,"column":null}},"3":{"start":{"line":9,"column":2},"end":{"line":14,"column":null}},"4":{"start":{"line":11,"column":6},"end":{"line":11,"column":null}},"5":{"start":{"line":13,"column":6},"end":{"line":13,"column":null}},"6":{"start":{"line":5,"column":0},"end":{"line":5,"column":16}}},"fnMap":{"0":{"name":"personalData","decl":{"start":{"line":5,"column":16},"end":{"line":5,"column":28}},"loc":{"start":{"line":7,"column":50},"end":{"line":15,"column":1}}}},"branchMap":{"0":{"loc":{"start":{"line":6,"column":2},"end":{"line":6,"column":null}},"type":"if","locations":[{"start":{"line":6,"column":2},"end":{"line":6,"column":null}},{"start":{"line":6,"column":2},"end":{"line":6,"column":null}}]},"1":{"loc":{"start":{"line":10,"column":4},"end":{"line":11,"column":null}},"type":"switch","locations":[{"start":{"line":10,"column":4},"end":{"line":11,"column":null}},{"start":{"line":12,"column":4},"end":{"line":13,"column":null}}]}},"s":{"0":1,"1":1,"2":13,"3":11,"4":1,"5":10,"6":1},"f":{"0":11},"b":{"0":[2,9],"1":[1,10]}}
,"/Users/adam.fitzpatrick/play/mighty-runner/utils/testing-render-with-redux.tsx": {"path":"/Users/adam.fitzpatrick/play/mighty-runner/utils/testing-render-with-redux.tsx","statementMap":{"0":{"start":{"line":1,"column":0},"end":{"line":1,"column":30}},"1":{"start":{"line":2,"column":0},"end":{"line":2,"column":null}},"2":{"start":{"line":10,"column":0},"end":{"line":10,"column":38}},"3":{"start":{"line":11,"column":0},"end":{"line":11,"column":61}},"4":{"start":{"line":13,"column":0},"end":{"line":13,"column":null}},"5":{"start":{"line":29,"column":16},"end":{"line":36,"column":2}},"6":{"start":{"line":38,"column":25},"end":{"line":38,"column":null}},"7":{"start":{"line":38,"column":74},"end":{"line":43,"column":null}},"8":{"start":{"line":39,"column":2},"end":{"line":42,"column":null}},"9":{"start":{"line":39,"column":40},"end":{"line":42,"column":null}},"10":{"start":{"line":40,"column":4},"end":{"line":40,"column":null}},"11":{"start":{"line":41,"column":4},"end":{"line":41,"column":null}},"12":{"start":{"line":49,"column":54},"end":{"line":49,"column":63}},"13":{"start":{"line":50,"column":24},"end":{"line":50,"column":53}},"14":{"start":{"line":51,"column":16},"end":{"line":51,"column":82}},"15":{"start":{"line":53,"column":2},"end":{"line":56,"column":null}},"16":{"start":{"line":45,"column":0},"end":{"line":45,"column":16}}},"fnMap":{"0":{"name":"(anonymous_2)","decl":{"start":{"line":38,"column":25},"end":{"line":38,"column":26}},"loc":{"start":{"line":38,"column":69},"end":{"line":38,"column":null}}},"1":{"name":"(anonymous_3)","decl":{"start":{"line":38,"column":74},"end":{"line":38,"column":null}},"loc":{"start":{"line":38,"column":74},"end":{"line":43,"column":1}}},"2":{"name":"(anonymous_4)","decl":{"start":{"line":39,"column":9},"end":{"line":39,"column":10}},"loc":{"start":{"line":39,"column":35},"end":{"line":39,"column":41}}},"3":{"name":"(anonymous_5)","decl":{"start":{"line":39,"column":40},"end":{"line":39,"column":41}},"loc":{"start":{"line":39,"column":58},"end":{"line":42,"column":3}}},"4":{"name":"renderWithRedux","decl":{"start":{"line":45,"column":16},"end":{"line":45,"column":31}},"loc":{"start":{"line":47,"column":24},"end":{"line":58,"column":1}}}},"branchMap":{},"s":{"0":1,"1":1,"2":1,"3":1,"4":1,"5":1,"6":1,"7":7,"8":7,"9":7,"10":2,"11":2,"12":7,"13":7,"14":7,"15":7,"16":1},"f":{"0":7,"1":7,"2":7,"3":2,"4":7},"b":{}}
}
