TN:
SF:/Users/adam.fitzpatrick/play/mighty-runner/src/components/button/button.tsx
FN:13,Button
FNF:1
FNH:1
FNDA:6,Button
DA:1,2
DA:2,2
DA:4,2
DA:13,6
DA:14,6
LF:5
LH:5
BRF:0
BRH:0
end_of_record
TN:
SF:/Users/adam.fitzpatrick/play/mighty-runner/src/components/button/index.ts
FNF:0
FNH:0
DA:1,2
LF:1
LH:1
BRF:0
BRH:0
end_of_record
TN:
SF:/Users/adam.fitzpatrick/play/mighty-runner/src/components/edit-attribute/edit-attribute.tsx
FN:17,(anonymous_6)
FN:18,(anonymous_8)
FN:34,(anonymous_9)
FN:43,(anonymous_10)
FN:44,(anonymous_11)
FN:47,(anonymous_12)
FN:50,(anonymous_13)
FN:55,(anonymous_14)
FN:58,(anonymous_15)
FN:63,(anonymous_16)
FN:65,(anonymous_17)
FN:69,(anonymous_18)
FNF:12
FNH:8
FNDA:2,(anonymous_6)
FNDA:1,(anonymous_8)
FNDA:0,(anonymous_9)
FNDA:2,(anonymous_10)
FNDA:0,(anonymous_11)
FNDA:1,(anonymous_12)
FNDA:2,(anonymous_13)
FNDA:1,(anonymous_14)
FNDA:0,(anonymous_15)
FNDA:1,(anonymous_16)
FNDA:0,(anonymous_17)
FNDA:1,(anonymous_18)
DA:1,1
DA:3,1
DA:4,1
DA:6,1
DA:7,1
DA:8,1
DA:9,1
DA:17,1
DA:18,1
DA:19,1
DA:20,1
DA:34,0
DA:43,1
DA:44,2
DA:47,1
DA:48,1
DA:50,2
DA:55,1
DA:56,1
DA:58,0
DA:63,1
DA:64,1
DA:69,1
DA:70,1
DA:71,1
DA:77,1
LF:26
LH:24
BRF:0
BRH:0
end_of_record
TN:
SF:/Users/adam.fitzpatrick/play/mighty-runner/src/components/effect-toggle/effect-toggle.tsx
FN:12,effectAriaLabel
FN:16,EffectToggle
FN:27,(anonymous_2)
FNF:3
FNH:3
FNDA:17,effectAriaLabel
FNDA:17,EffectToggle
FNDA:2,(anonymous_2)
DA:1,4
DA:2,4
DA:4,4
DA:13,17
DA:16,17
DA:17,17
DA:27,2
LF:7
LH:7
BRDA:13,0,0,8
BRDA:13,0,1,9
BRF:2
BRH:2
end_of_record
TN:
SF:/Users/adam.fitzpatrick/play/mighty-runner/src/components/effect-toggle/index.ts
FNF:0
FNH:0
DA:1,4
LF:1
LH:1
BRF:0
BRH:0
end_of_record
TN:
SF:/Users/adam.fitzpatrick/play/mighty-runner/src/components/select-effects/index.ts
FNF:0
FNH:0
DA:1,2
LF:1
LH:1
BRF:0
BRH:0
end_of_record
TN:
SF:/Users/adam.fitzpatrick/play/mighty-runner/src/components/select-effects/select-effects.tsx
FN:16,SelectEffects
FN:20,getTextMargin
FN:28,renderEffect
FNF:3
FNH:3
FNDA:72,SelectEffects
FNDA:72,getTextMargin
FNDA:79,renderEffect
DA:1,2
DA:2,2
DA:4,2
DA:5,2
DA:16,2
DA:17,72
DA:18,72
DA:21,72
DA:23,5
DA:25,72
DA:29,79
DA:32,72
LF:12
LH:12
BRDA:17,0,0,72
BRDA:17,0,1,54
BRDA:43,1,0,8
BRDA:43,1,1,64
BRF:4
BRH:4
end_of_record
TN:
SF:/Users/adam.fitzpatrick/play/mighty-runner/src/components/stat/stat.tsx
FN:11,standardStat
FN:18,roundStat
FN:25,Stat
FNF:3
FNH:3
FNDA:56,standardStat
FNDA:12,roundStat
FNDA:68,Stat
DA:1,3
DA:2,3
DA:4,3
DA:12,56
DA:19,12
DA:25,3
DA:26,68
LF:7
LH:7
BRDA:26,0,0,12
BRDA:26,0,1,56
BRF:2
BRH:2
end_of_record
TN:
SF:/Users/adam.fitzpatrick/play/mighty-runner/src/containers/edit-attribute/index.ts
FNF:0
FNH:0
DA:1,1
LF:1
LH:1
BRF:0
BRH:0
end_of_record
TN:
SF:/Users/adam.fitzpatrick/play/mighty-runner/src/containers/smart-stat/smart-stat.tsx
FN:31,SmartStat
FN:89,(anonymous_9)
FN:95,(anonymous_10)
FN:96,(anonymous_11)
FN:99,(anonymous_12)
FN:103,(anonymous_13)
FN:107,(anonymous_14)
FN:109,(anonymous_15)
FN:114,(anonymous_16)
FN:116,(anonymous_17)
FN:41,(anonymous_18)
FN:49,(anonymous_19)
FN:65,(anonymous_20)
FN:69,(anonymous_21)
FN:81,(anonymous_22)
FN:85,(anonymous_23)
FN:121,(anonymous_24)
FN:133,(anonymous_25)
FN:138,(anonymous_26)
FNF:19
FNH:19
FNDA:11,SmartStat
FNDA:7,(anonymous_9)
FNDA:3,(anonymous_10)
FNDA:3,(anonymous_11)
FNDA:65,(anonymous_12)
FNDA:1,(anonymous_13)
FNDA:65,(anonymous_14)
FNDA:130,(anonymous_15)
FNDA:65,(anonymous_16)
FNDA:65,(anonymous_17)
FNDA:65,(anonymous_18)
FNDA:120,(anonymous_19)
FNDA:11,(anonymous_20)
FNDA:11,(anonymous_21)
FNDA:1,(anonymous_22)
FNDA:260,(anonymous_23)
FNDA:65,(anonymous_24)
FNDA:65,(anonymous_25)
FNDA:120,(anonymous_26)
DA:1,1
DA:2,1
DA:3,1
DA:5,1
DA:6,1
DA:8,1
DA:10,1
DA:27,1
DA:32,11
DA:33,11
DA:41,65
DA:42,65
DA:43,65
DA:49,120
DA:65,1
DA:66,11
DA:69,1
DA:70,11
DA:71,11
DA:72,11
DA:74,2
DA:77,2
DA:81,1
DA:82,1
DA:85,1
DA:86,260
DA:89,11
DA:91,7
DA:95,11
DA:96,3
DA:99,11
DA:100,65
DA:103,11
DA:104,1
DA:107,11
DA:108,65
DA:109,65
DA:110,130
DA:114,11
DA:115,65
DA:116,65
DA:117,65
DA:121,1
DA:122,65
DA:133,65
DA:134,65
DA:135,65
DA:136,65
DA:138,120
DA:149,1
LF:50
LH:50
BRDA:32,0,0,11
BRDA:32,0,1,11
BRDA:117,1,0,62
BRDA:117,1,1,3
BRDA:135,2,0,10
BRDA:135,2,1,55
BRF:6
BRH:6
end_of_record
TN:
SF:/Users/adam.fitzpatrick/play/mighty-runner/src/services/character-display-service.ts
FN:4,(anonymous_0)
FN:5,(anonymous_1)
FN:6,(anonymous_2)
FN:10,(anonymous_3)
FN:11,(anonymous_4)
FN:14,(anonymous_5)
FN:17,(anonymous_6)
FN:18,(anonymous_7)
FNF:8
FNH:8
FNDA:135,(anonymous_0)
FNDA:268,(anonymous_1)
FNDA:403,(anonymous_2)
FNDA:4,(anonymous_3)
FNDA:8,(anonymous_4)
FNDA:3,(anonymous_5)
FNDA:3,(anonymous_6)
FNDA:2,(anonymous_7)
DA:4,3
DA:5,135
DA:6,403
DA:10,3
DA:11,8
DA:14,3
DA:15,3
DA:17,3
DA:18,2
DA:21,3
LF:10
LH:10
BRF:0
BRH:0
end_of_record
TN:
SF:/Users/adam.fitzpatrick/play/mighty-runner/src/state/active-character-store.ts
FN:33,ActiveCharacterStore
FN:120,(anonymous_3)
FN:34,(anonymous_4)
FN:41,(anonymous_5)
FN:56,(anonymous_6)
FN:67,(anonymous_7)
FN:78,(anonymous_8)
FN:88,(anonymous_9)
FN:89,(anonymous_10)
FN:102,(anonymous_11)
FN:103,(anonymous_12)
FN:115,(anonymous_13)
FN:125,(anonymous_14)
FN:131,(anonymous_15)
FN:138,(anonymous_16)
FN:140,(anonymous_17)
FN:140,(anonymous_18)
FN:143,(anonymous_19)
FN:154,(anonymous_20)
FNF:19
FNH:19
FNDA:2,ActiveCharacterStore
FNDA:42,(anonymous_3)
FNDA:44,(anonymous_4)
FNDA:2,(anonymous_5)
FNDA:23,(anonymous_6)
FNDA:2,(anonymous_7)
FNDA:2,(anonymous_8)
FNDA:5,(anonymous_9)
FNDA:5,(anonymous_10)
FNDA:3,(anonymous_11)
FNDA:3,(anonymous_12)
FNDA:3,(anonymous_13)
FNDA:38,(anonymous_14)
FNDA:61,(anonymous_15)
FNDA:38,(anonymous_16)
FNDA:29,(anonymous_17)
FNDA:9,(anonymous_18)
FNDA:25,(anonymous_19)
FNDA:38,(anonymous_20)
DA:1,2
DA:2,2
DA:24,2
DA:25,2
DA:26,2
DA:28,4
DA:29,4
DA:30,4
DA:31,4
DA:33,2
DA:34,44
DA:41,4
DA:44,2
DA:45,2
DA:47,1
DA:56,4
DA:57,23
DA:58,23
DA:67,4
DA:68,2
DA:69,2
DA:78,4
DA:79,2
DA:80,2
DA:88,4
DA:89,5
DA:91,5
DA:92,5
DA:93,5
DA:94,5
DA:102,4
DA:103,3
DA:105,3
DA:106,3
DA:115,4
DA:116,3
DA:117,3
DA:120,2
DA:121,16
DA:122,26
DA:125,2
DA:126,38
DA:127,38
DA:128,38
DA:131,2
DA:132,61
DA:138,2
DA:139,38
DA:143,2
DA:144,25
DA:149,24
DA:150,24
DA:151,24
DA:154,2
DA:155,38
DA:164,2
DA:166,2
LF:57
LH:57
BRF:0
BRH:0
end_of_record
