TN:
SF:/Users/adam.fitzpatrick/play/mighty-runner/src/services/api-service.ts
FN:13,(anonymous_18)
FN:21,(anonymous_19)
FN:22,(anonymous_21)
FN:24,getAndValidateToken
FN:32,getAuthHeader
FN:37,handleResponse
FN:53,(anonymous_29)
FN:59,(anonymous_33)
FN:70,(anonymous_37)
FNF:9
FNH:9
FNDA:3,(anonymous_18)
FNDA:15,(anonymous_19)
FNDA:3,(anonymous_21)
FNDA:20,getAndValidateToken
FNDA:20,getAuthHeader
FNDA:5,handleResponse
FNDA:3,(anonymous_29)
FNDA:1,(anonymous_33)
FNDA:1,(anonymous_37)
DA:1,3
DA:13,3
DA:19,3
DA:21,3
DA:22,3
DA:25,20
DA:27,12
DA:29,8
DA:33,20
DA:34,8
DA:39,1
DA:42,3
DA:44,1
DA:47,3
DA:48,3
DA:51,5
DA:52,4
DA:53,3
DA:57,3
DA:58,2
DA:59,1
DA:63,12
DA:64,2
DA:69,2
DA:70,1
DA:81,3
LF:26
LH:26
BRF:0
BRH:0
end_of_record
